[0m18:51:23.598408 [debug] [MainThread]: Sending event: {'category': 'dbt', 'action': 'invocation', 'label': 'start', 'context': [<snowplow_tracker.self_describing_json.SelfDescribingJson object at 0x104999d00>, <snowplow_tracker.self_describing_json.SelfDescribingJson object at 0x105640a40>, <snowplow_tracker.self_describing_json.SelfDescribingJson object at 0x105640680>]}


============================== 18:51:23.602669 | d05e3fd0-db0c-4a06-81a4-bdfc6e9e1e38 ==============================
[0m18:51:23.602669 [info ] [MainThread]: Running with dbt=1.11.8
[0m18:51:23.603174 [debug] [MainThread]: running dbt with arguments {'cache_selected_only': 'False', 'send_anonymous_usage_stats': 'True', 'log_path': '/Users/kylehuynh/Desktop/NewTechToolRank/dbt/logs', 'printer_width': '80', 'warn_error_options': 'WarnErrorOptionsV2(error=[], warn=[], silence=[])', 'write_json': 'True', 'log_cache_events': 'False', 'static_parser': 'True', 'use_experimental_parser': 'False', 'quiet': 'False', 'empty': 'None', 'target_path': 'None', 'indirect_selection': 'eager', 'debug': 'False', 'introspect': 'True', 'fail_fast': 'False', 'partial_parse': 'True', 'profiles_dir': '/Users/kylehuynh/Desktop/NewTechToolRank/dbt', 'use_colors': 'True', 'invocation_command': 'dbt deps', 'warn_error': 'None', 'no_print': 'None', 'log_format': 'default', 'version_check': 'True'}
[0m18:51:23.780374 [debug] [MainThread]: Sending event: {'category': 'dbt', 'action': 'project_id', 'label': 'd05e3fd0-db0c-4a06-81a4-bdfc6e9e1e38', 'context': [<snowplow_tracker.self_describing_json.SelfDescribingJson object at 0x10570dd60>]}
[0m18:51:23.803105 [info ] [MainThread]: Warning: No packages were found in packages.yml
[0m18:51:23.804088 [info ] [MainThread]: Warning: No packages were found in packages.yml
[0m18:51:23.833339 [debug] [MainThread]: Resource report: {"command_name": "deps", "command_success": true, "command_wall_clock_time": 0.3050243, "process_in_blocks": "0", "process_kernel_time": 0.310463, "process_mem_max_rss": "116097024", "process_out_blocks": "0", "process_user_time": 1.218515}
[0m18:51:23.834021 [debug] [MainThread]: Command `dbt deps` succeeded at 18:51:23.833909 after 0.31 seconds
[0m18:51:23.834388 [debug] [MainThread]: Sending event: {'category': 'dbt', 'action': 'invocation', 'label': 'end', 'context': [<snowplow_tracker.self_describing_json.SelfDescribingJson object at 0x105640800>, <snowplow_tracker.self_describing_json.SelfDescribingJson object at 0x105640110>, <snowplow_tracker.self_describing_json.SelfDescribingJson object at 0x10575bfb0>]}
[0m18:51:23.834677 [debug] [MainThread]: Flushing usage events
[0m18:51:24.197997 [debug] [MainThread]: An error was encountered while trying to flush usage events
[0m18:51:26.047011 [debug] [MainThread]: Sending event: {'category': 'dbt', 'action': 'invocation', 'label': 'start', 'context': [<snowplow_tracker.self_describing_json.SelfDescribingJson object at 0x1091c3b00>, <snowplow_tracker.self_describing_json.SelfDescribingJson object at 0x10a13bef0>, <snowplow_tracker.self_describing_json.SelfDescribingJson object at 0x10a168260>]}


============================== 18:51:26.053702 | cd680548-6c90-4028-968d-7f58f131b436 ==============================
[0m18:51:26.053702 [info ] [MainThread]: Running with dbt=1.11.8
[0m18:51:26.054692 [debug] [MainThread]: running dbt with arguments {'introspect': 'True', 'cache_selected_only': 'False', 'fail_fast': 'False', 'send_anonymous_usage_stats': 'True', 'log_format': 'default', 'warn_error_options': 'WarnErrorOptionsV2(error=[], warn=[], silence=[])', 'version_check': 'True', 'log_cache_events': 'False', 'indirect_selection': 'eager', 'printer_width': '80', 'partial_parse': 'True', 'profiles_dir': '/Users/kylehuynh/Desktop/NewTechToolRank/dbt', 'warn_error': 'None', 'write_json': 'True', 'quiet': 'False', 'use_colors': 'True', 'target_path': 'None', 'invocation_command': 'dbt run --target dev', 'log_path': '/Users/kylehuynh/Desktop/NewTechToolRank/dbt/logs', 'use_experimental_parser': 'False', 'static_parser': 'True', 'empty': 'False', 'debug': 'False', 'no_print': 'None'}
[0m18:51:26.221645 [debug] [MainThread]: Sending event: {'category': 'dbt', 'action': 'project_id', 'label': 'cd680548-6c90-4028-968d-7f58f131b436', 'context': [<snowplow_tracker.self_describing_json.SelfDescribingJson object at 0x10a5084a0>]}
[0m18:51:26.262834 [debug] [MainThread]: Sending event: {'category': 'dbt', 'action': 'adapter_info', 'label': 'cd680548-6c90-4028-968d-7f58f131b436', 'context': [<snowplow_tracker.self_describing_json.SelfDescribingJson object at 0x109f3afc0>]}
[0m18:51:26.264318 [info ] [MainThread]: Registered adapter: postgres=1.10.0
[0m18:51:26.403328 [debug] [MainThread]: checksum: 205f67941a37c44b34a8b709ae683ccb08f2061b4926cd29bbf893726d03834e, vars: {}, profile: , target: dev, version: 1.11.8
[0m18:51:26.404018 [info ] [MainThread]: Unable to do partial parsing because saved manifest not found. Starting full parse.
[0m18:51:26.404305 [debug] [MainThread]: Sending event: {'category': 'dbt', 'action': 'partial_parser', 'label': 'cd680548-6c90-4028-968d-7f58f131b436', 'context': [<snowplow_tracker.self_describing_json.SelfDescribingJson object at 0x10a168080>]}
[0m18:51:27.123656 [warn ] [MainThread]: [[33mWARNING[0m][MissingArgumentsPropertyInGenericTestDeprecation]: Deprecated
functionality
Found top-level arguments to test `accepted_values` defined on 'stg_tools' in
package 'new_tools_radar' (models/schema.yml). Arguments to generic tests should
be nested under the `arguments` property.
[0m18:51:27.124115 [debug] [MainThread]: Sending event: {'category': 'dbt', 'action': 'deprecation', 'label': 'cd680548-6c90-4028-968d-7f58f131b436', 'property_': 'warn', 'context': [<snowplow_tracker.self_describing_json.SelfDescribingJson object at 0x10af00770>]}
[0m18:51:27.266778 [debug] [MainThread]: Sending event: {'category': 'dbt', 'action': 'load_project', 'label': 'cd680548-6c90-4028-968d-7f58f131b436', 'context': [<snowplow_tracker.self_describing_json.SelfDescribingJson object at 0x10aa45940>]}
[0m18:51:27.328291 [debug] [MainThread]: Wrote artifact WritableManifest to /Users/kylehuynh/Desktop/NewTechToolRank/dbt/target/manifest.json
[0m18:51:27.330087 [debug] [MainThread]: Wrote artifact SemanticManifest to /Users/kylehuynh/Desktop/NewTechToolRank/dbt/target/semantic_manifest.json
[0m18:51:27.338711 [debug] [MainThread]: Sending event: {'category': 'dbt', 'action': 'resource_counts', 'label': 'cd680548-6c90-4028-968d-7f58f131b436', 'context': [<snowplow_tracker.self_describing_json.SelfDescribingJson object at 0x10b3d8770>]}
[0m18:51:27.339053 [info ] [MainThread]: Found 3 models, 6 data tests, 1 source, 465 macros
[0m18:51:27.339290 [debug] [MainThread]: Sending event: {'category': 'dbt', 'action': 'runnable_timing', 'label': 'cd680548-6c90-4028-968d-7f58f131b436', 'context': [<snowplow_tracker.self_describing_json.SelfDescribingJson object at 0x10aa28da0>]}
[0m18:51:27.340494 [info ] [MainThread]: 
[0m18:51:27.340750 [info ] [MainThread]: Concurrency: 4 threads (target='dev')
[0m18:51:27.340945 [info ] [MainThread]: 
[0m18:51:27.341263 [debug] [MainThread]: Acquiring new postgres connection 'master'
[0m18:51:27.343819 [debug] [ThreadPool]: Acquiring new postgres connection 'list_postgres'
[0m18:51:27.405431 [debug] [ThreadPool]: Using postgres connection "list_postgres"
[0m18:51:27.405860 [debug] [ThreadPool]: On list_postgres: /* {"app": "dbt", "dbt_version": "1.11.8", "profile_name": "new_tools_radar", "target_name": "dev", "connection_name": "list_postgres"} */

    select distinct nspname from pg_namespace
  
[0m18:51:27.406158 [debug] [ThreadPool]: Opening a new connection, currently in state init
[0m18:51:28.244153 [debug] [ThreadPool]: SQL status: SELECT 14 in 0.837 seconds
[0m18:51:28.250009 [debug] [ThreadPool]: On list_postgres: Close
[0m18:51:28.257611 [debug] [ThreadPool]: Re-using an available connection from the pool (formerly list_postgres, now list_postgres_public)
[0m18:51:28.267106 [debug] [ThreadPool]: Using postgres connection "list_postgres_public"
[0m18:51:28.267724 [debug] [ThreadPool]: On list_postgres_public: /* {"app": "dbt", "dbt_version": "1.11.8", "profile_name": "new_tools_radar", "target_name": "dev", "connection_name": "list_postgres_public"} */
select
      'postgres' as database,
      tablename as name,
      schemaname as schema,
      'table' as type
    from pg_tables
    where schemaname ilike 'public'
    union all
    select
      'postgres' as database,
      viewname as name,
      schemaname as schema,
      'view' as type
    from pg_views
    where schemaname ilike 'public'
    union all
    select
      'postgres' as database,
      matviewname as name,
      schemaname as schema,
      'materialized_view' as type
    from pg_matviews
    where schemaname ilike 'public'
  
[0m18:51:28.268121 [debug] [ThreadPool]: Opening a new connection, currently in state closed
[0m18:51:28.853791 [debug] [ThreadPool]: SQL status: SELECT 1 in 0.585 seconds
[0m18:51:28.856873 [debug] [ThreadPool]: On list_postgres_public: ROLLBACK
[0m18:51:28.924350 [debug] [ThreadPool]: On list_postgres_public: Close
[0m18:51:28.934531 [debug] [MainThread]: Using postgres connection "master"
[0m18:51:28.935351 [debug] [MainThread]: On master: /* {"app": "dbt", "dbt_version": "1.11.8", "profile_name": "new_tools_radar", "target_name": "dev", "connection_name": "master"} */
select distinct
        dependent_namespace.nspname as dependent_schema,
        dependent_class.relname as dependent_name,
        referenced_namespace.nspname as referenced_schema,
        referenced_class.relname as referenced_name

    -- Query for views: views are entries in pg_class with an entry in pg_rewrite, but we avoid
    -- a seq scan on pg_rewrite by leveraging the fact there is an "internal" row in pg_depend for
    -- the view...
    from pg_class as dependent_class
    join pg_namespace as dependent_namespace on dependent_namespace.oid = dependent_class.relnamespace
    join pg_depend as dependent_depend on dependent_depend.refobjid = dependent_class.oid
        and dependent_depend.classid = 'pg_rewrite'::regclass
        and dependent_depend.refclassid = 'pg_class'::regclass
        and dependent_depend.deptype = 'i'

    -- ... and via pg_depend (that has a row per column, hence the need for "distinct" above, and
    -- making sure to exclude the internal row to avoid a view appearing to depend on itself)...
    join pg_depend as joining_depend on joining_depend.objid = dependent_depend.objid
        and joining_depend.classid = 'pg_rewrite'::regclass
        and joining_depend.refclassid = 'pg_class'::regclass
        and joining_depend.refobjid != dependent_depend.refobjid

    -- ... we can find the tables they query from in pg_class, but excluding system tables. Note we
    -- don't need need to exclude _dependent_ system tables, because they only query from other
    -- system tables, and so are automatically excluded by excluding _referenced_ system tables
    join pg_class as referenced_class on referenced_class.oid = joining_depend.refobjid
    join pg_namespace as referenced_namespace on referenced_namespace.oid = referenced_class.relnamespace
        and referenced_namespace.nspname != 'information_schema'
        and referenced_namespace.nspname not like 'pg\_%'

    order by
        dependent_schema, dependent_name, referenced_schema, referenced_name;
[0m18:51:28.935934 [debug] [MainThread]: Opening a new connection, currently in state init
[0m18:51:29.512022 [debug] [MainThread]: SQL status: SELECT 1 in 0.575 seconds
[0m18:51:29.514757 [debug] [MainThread]: Sending event: {'category': 'dbt', 'action': 'runnable_timing', 'label': 'cd680548-6c90-4028-968d-7f58f131b436', 'context': [<snowplow_tracker.self_describing_json.SelfDescribingJson object at 0x10a50b320>]}
[0m18:51:29.515671 [debug] [MainThread]: On master: ROLLBACK
[0m18:51:29.579643 [debug] [MainThread]: On master: COMMIT
[0m18:51:29.581158 [debug] [MainThread]: Using postgres connection "master"
[0m18:51:29.581904 [debug] [MainThread]: On master: COMMIT
[0m18:51:29.711473 [debug] [MainThread]: SQL status: COMMIT in 0.129 seconds
[0m18:51:29.712760 [debug] [MainThread]: On master: Close
[0m18:51:29.721071 [debug] [Thread-1 (]: Began running node model.new_tools_radar.stg_tools
[0m18:51:29.722315 [info ] [Thread-1 (]: 1 of 3 START sql view model public.stg_tools ................................... [RUN]
[0m18:51:29.723290 [debug] [Thread-1 (]: Re-using an available connection from the pool (formerly list_postgres_public, now model.new_tools_radar.stg_tools)
[0m18:51:29.724522 [debug] [Thread-1 (]: Began compiling node model.new_tools_radar.stg_tools
[0m18:51:29.736358 [debug] [Thread-1 (]: Writing injected SQL for node "model.new_tools_radar.stg_tools"
[0m18:51:29.737955 [debug] [Thread-1 (]: Began executing node model.new_tools_radar.stg_tools
[0m18:51:29.774342 [debug] [Thread-1 (]: Writing runtime sql for node "model.new_tools_radar.stg_tools"
[0m18:51:29.775950 [debug] [Thread-1 (]: Using postgres connection "model.new_tools_radar.stg_tools"
[0m18:51:29.776276 [debug] [Thread-1 (]: On model.new_tools_radar.stg_tools: /* {"app": "dbt", "dbt_version": "1.11.8", "profile_name": "new_tools_radar", "target_name": "dev", "node_id": "model.new_tools_radar.stg_tools"} */

  create view "postgres"."public"."stg_tools__dbt_tmp"
    
    
  as (
    with source_data as (
    select
        id::text as tool_id,
        trim(name) as tool_name,
        lower(trim(source)) as source,
        nullif(trim(description), '') as description,
        nullif(trim(url), '') as url,
        coalesce(score, 0)::int as score,
        created_at::timestamptz as created_at,
        ingested_at::timestamptz as ingested_at
    from "postgres"."public"."raw_tools"
)

select *
from source_data
where tool_id is not null
  and tool_name is not null
  and source is not null
  );
[0m18:51:29.776575 [debug] [Thread-1 (]: Opening a new connection, currently in state closed
[0m18:51:30.357198 [debug] [Thread-1 (]: SQL status: CREATE VIEW in 0.580 seconds
[0m18:51:30.369895 [debug] [Thread-1 (]: Using postgres connection "model.new_tools_radar.stg_tools"
[0m18:51:30.370581 [debug] [Thread-1 (]: On model.new_tools_radar.stg_tools: /* {"app": "dbt", "dbt_version": "1.11.8", "profile_name": "new_tools_radar", "target_name": "dev", "node_id": "model.new_tools_radar.stg_tools"} */
alter table "postgres"."public"."stg_tools__dbt_tmp" rename to "stg_tools"
[0m18:51:30.436478 [debug] [Thread-1 (]: SQL status: ALTER TABLE in 0.065 seconds
[0m18:51:30.455916 [debug] [Thread-1 (]: On model.new_tools_radar.stg_tools: COMMIT
[0m18:51:30.456365 [debug] [Thread-1 (]: Using postgres connection "model.new_tools_radar.stg_tools"
[0m18:51:30.456616 [debug] [Thread-1 (]: On model.new_tools_radar.stg_tools: COMMIT
[0m18:51:30.521865 [debug] [Thread-1 (]: SQL status: COMMIT in 0.065 seconds
[0m18:51:30.534044 [debug] [Thread-1 (]: Applying DROP to: "postgres"."public"."stg_tools__dbt_backup"
[0m18:51:30.542274 [debug] [Thread-1 (]: Using postgres connection "model.new_tools_radar.stg_tools"
[0m18:51:30.542866 [debug] [Thread-1 (]: On model.new_tools_radar.stg_tools: /* {"app": "dbt", "dbt_version": "1.11.8", "profile_name": "new_tools_radar", "target_name": "dev", "node_id": "model.new_tools_radar.stg_tools"} */
drop view if exists "postgres"."public"."stg_tools__dbt_backup" cascade
[0m18:51:30.608077 [debug] [Thread-1 (]: SQL status: DROP VIEW in 0.064 seconds
[0m18:51:30.615779 [debug] [Thread-1 (]: On model.new_tools_radar.stg_tools: Close
[0m18:51:30.619762 [debug] [Thread-1 (]: Sending event: {'category': 'dbt', 'action': 'run_model', 'label': 'cd680548-6c90-4028-968d-7f58f131b436', 'context': [<snowplow_tracker.self_describing_json.SelfDescribingJson object at 0x107279970>]}
[0m18:51:30.620605 [info ] [Thread-1 (]: 1 of 3 OK created sql view model public.stg_tools .............................. [[32mCREATE VIEW[0m in 0.89s]
[0m18:51:30.621184 [debug] [Thread-1 (]: Finished running node model.new_tools_radar.stg_tools
[0m18:51:30.622458 [debug] [Thread-3 (]: Began running node model.new_tools_radar.int_tools_clean
[0m18:51:30.622902 [info ] [Thread-3 (]: 2 of 3 START sql table model public.int_tools_clean ............................ [RUN]
[0m18:51:30.623626 [debug] [Thread-3 (]: Acquiring new postgres connection 'model.new_tools_radar.int_tools_clean'
[0m18:51:30.623934 [debug] [Thread-3 (]: Began compiling node model.new_tools_radar.int_tools_clean
[0m18:51:30.629195 [debug] [Thread-3 (]: Writing injected SQL for node "model.new_tools_radar.int_tools_clean"
[0m18:51:30.630969 [debug] [Thread-3 (]: Began executing node model.new_tools_radar.int_tools_clean
[0m18:51:30.676889 [debug] [Thread-3 (]: Writing runtime sql for node "model.new_tools_radar.int_tools_clean"
[0m18:51:30.682358 [debug] [Thread-3 (]: Using postgres connection "model.new_tools_radar.int_tools_clean"
[0m18:51:30.683227 [debug] [Thread-3 (]: On model.new_tools_radar.int_tools_clean: /* {"app": "dbt", "dbt_version": "1.11.8", "profile_name": "new_tools_radar", "target_name": "dev", "node_id": "model.new_tools_radar.int_tools_clean"} */

  
    

  create  table "postgres"."public"."int_tools_clean__dbt_tmp"
  
  
    as
  
  (
    with ranked as (
    select
        tool_id,
        tool_name,
        source,
        description,
        url,
        score,
        created_at,
        ingested_at,
        row_number() over (
            partition by source, tool_id
            order by ingested_at desc
        ) as rn
    from "postgres"."public"."stg_tools"
),
deduped as (
    select
        tool_id,
        tool_name,
        source,
        description,
        url,
        score,
        created_at,
        ingested_at
    from ranked
    where rn = 1
)

select
    tool_id,
    tool_name,
    source,
    description,
    url,
    score,
    created_at,
    ingested_at,
    case
        when score >= 500 then 'hot'
        when score >= 100 then 'rising'
        else 'new'
    end as momentum_label
from deduped
  );
  
[0m18:51:30.683723 [debug] [Thread-3 (]: Opening a new connection, currently in state init
[0m18:51:31.293628 [debug] [Thread-3 (]: SQL status: SELECT 9 in 0.610 seconds
[0m18:51:31.303206 [debug] [Thread-3 (]: Using postgres connection "model.new_tools_radar.int_tools_clean"
[0m18:51:31.303549 [debug] [Thread-3 (]: On model.new_tools_radar.int_tools_clean: /* {"app": "dbt", "dbt_version": "1.11.8", "profile_name": "new_tools_radar", "target_name": "dev", "node_id": "model.new_tools_radar.int_tools_clean"} */
alter table "postgres"."public"."int_tools_clean__dbt_tmp" rename to "int_tools_clean"
[0m18:51:31.366406 [debug] [Thread-3 (]: SQL status: ALTER TABLE in 0.063 seconds
[0m18:51:31.367686 [debug] [Thread-3 (]: On model.new_tools_radar.int_tools_clean: COMMIT
[0m18:51:31.367959 [debug] [Thread-3 (]: Using postgres connection "model.new_tools_radar.int_tools_clean"
[0m18:51:31.368182 [debug] [Thread-3 (]: On model.new_tools_radar.int_tools_clean: COMMIT
[0m18:51:31.434610 [debug] [Thread-3 (]: SQL status: COMMIT in 0.066 seconds
[0m18:51:31.438619 [debug] [Thread-3 (]: Applying DROP to: "postgres"."public"."int_tools_clean__dbt_backup"
[0m18:51:31.441855 [debug] [Thread-3 (]: Using postgres connection "model.new_tools_radar.int_tools_clean"
[0m18:51:31.442240 [debug] [Thread-3 (]: On model.new_tools_radar.int_tools_clean: /* {"app": "dbt", "dbt_version": "1.11.8", "profile_name": "new_tools_radar", "target_name": "dev", "node_id": "model.new_tools_radar.int_tools_clean"} */
drop table if exists "postgres"."public"."int_tools_clean__dbt_backup" cascade
[0m18:51:31.505356 [debug] [Thread-3 (]: SQL status: DROP TABLE in 0.063 seconds
[0m18:51:31.511361 [debug] [Thread-3 (]: On model.new_tools_radar.int_tools_clean: Close
[0m18:51:31.515634 [debug] [Thread-3 (]: Sending event: {'category': 'dbt', 'action': 'run_model', 'label': 'cd680548-6c90-4028-968d-7f58f131b436', 'context': [<snowplow_tracker.self_describing_json.SelfDescribingJson object at 0x10f82e7e0>]}
[0m18:51:31.518103 [info ] [Thread-3 (]: 2 of 3 OK created sql table model public.int_tools_clean ....................... [[32mSELECT 9[0m in 0.89s]
[0m18:51:31.524073 [debug] [Thread-3 (]: Finished running node model.new_tools_radar.int_tools_clean
[0m18:51:31.525989 [debug] [Thread-2 (]: Began running node model.new_tools_radar.fct_trending_tools
[0m18:51:31.526575 [info ] [Thread-2 (]: 3 of 3 START sql table model public.fct_trending_tools ......................... [RUN]
[0m18:51:31.527195 [debug] [Thread-2 (]: Acquiring new postgres connection 'model.new_tools_radar.fct_trending_tools'
[0m18:51:31.527564 [debug] [Thread-2 (]: Began compiling node model.new_tools_radar.fct_trending_tools
[0m18:51:31.531407 [debug] [Thread-2 (]: Writing injected SQL for node "model.new_tools_radar.fct_trending_tools"
[0m18:51:31.532563 [debug] [Thread-2 (]: Began executing node model.new_tools_radar.fct_trending_tools
[0m18:51:31.535679 [debug] [Thread-2 (]: Writing runtime sql for node "model.new_tools_radar.fct_trending_tools"
[0m18:51:31.536401 [debug] [Thread-2 (]: Using postgres connection "model.new_tools_radar.fct_trending_tools"
[0m18:51:31.536704 [debug] [Thread-2 (]: On model.new_tools_radar.fct_trending_tools: /* {"app": "dbt", "dbt_version": "1.11.8", "profile_name": "new_tools_radar", "target_name": "dev", "node_id": "model.new_tools_radar.fct_trending_tools"} */

  
    

  create  table "postgres"."public"."fct_trending_tools__dbt_tmp"
  
  
    as
  
  (
    with base as (
    select *
    from "postgres"."public"."int_tools_clean"
),
aggregated as (
    select
        source,
        date_trunc('day', created_at) as created_day,
        count(*) as tools_count,
        avg(score)::numeric(10, 2) as avg_score,
        max(score) as max_score
    from base
    group by 1, 2
)

select
    source,
    created_day,
    tools_count,
    avg_score,
    max_score,
    rank() over (partition by created_day order by avg_score desc) as source_rank_for_day
from aggregated
  );
  
[0m18:51:31.536989 [debug] [Thread-2 (]: Opening a new connection, currently in state init
[0m18:51:32.082232 [debug] [Thread-2 (]: SQL status: SELECT 1 in 0.545 seconds
[0m18:51:32.093011 [debug] [Thread-2 (]: Using postgres connection "model.new_tools_radar.fct_trending_tools"
[0m18:51:32.094709 [debug] [Thread-2 (]: On model.new_tools_radar.fct_trending_tools: /* {"app": "dbt", "dbt_version": "1.11.8", "profile_name": "new_tools_radar", "target_name": "dev", "node_id": "model.new_tools_radar.fct_trending_tools"} */
alter table "postgres"."public"."fct_trending_tools__dbt_tmp" rename to "fct_trending_tools"
[0m18:51:32.158959 [debug] [Thread-2 (]: SQL status: ALTER TABLE in 0.063 seconds
[0m18:51:32.163212 [debug] [Thread-2 (]: On model.new_tools_radar.fct_trending_tools: COMMIT
[0m18:51:32.163937 [debug] [Thread-2 (]: Using postgres connection "model.new_tools_radar.fct_trending_tools"
[0m18:51:32.164376 [debug] [Thread-2 (]: On model.new_tools_radar.fct_trending_tools: COMMIT
[0m18:51:32.231909 [debug] [Thread-2 (]: SQL status: COMMIT in 0.067 seconds
[0m18:51:32.237664 [debug] [Thread-2 (]: Applying DROP to: "postgres"."public"."fct_trending_tools__dbt_backup"
[0m18:51:32.238707 [debug] [Thread-2 (]: Using postgres connection "model.new_tools_radar.fct_trending_tools"
[0m18:51:32.239117 [debug] [Thread-2 (]: On model.new_tools_radar.fct_trending_tools: /* {"app": "dbt", "dbt_version": "1.11.8", "profile_name": "new_tools_radar", "target_name": "dev", "node_id": "model.new_tools_radar.fct_trending_tools"} */
drop table if exists "postgres"."public"."fct_trending_tools__dbt_backup" cascade
[0m18:51:32.302321 [debug] [Thread-2 (]: SQL status: DROP TABLE in 0.063 seconds
[0m18:51:32.306038 [debug] [Thread-2 (]: On model.new_tools_radar.fct_trending_tools: Close
[0m18:51:32.307829 [debug] [Thread-2 (]: Sending event: {'category': 'dbt', 'action': 'run_model', 'label': 'cd680548-6c90-4028-968d-7f58f131b436', 'context': [<snowplow_tracker.self_describing_json.SelfDescribingJson object at 0x10b74c920>]}
[0m18:51:32.308829 [info ] [Thread-2 (]: 3 of 3 OK created sql table model public.fct_trending_tools .................... [[32mSELECT 1[0m in 0.78s]
[0m18:51:32.309617 [debug] [Thread-2 (]: Finished running node model.new_tools_radar.fct_trending_tools
[0m18:51:32.312042 [debug] [MainThread]: On master: COMMIT
[0m18:51:32.312544 [debug] [MainThread]: Using postgres connection "master"
[0m18:51:32.312900 [debug] [MainThread]: On master: COMMIT
[0m18:51:32.313232 [debug] [MainThread]: Opening a new connection, currently in state closed
[0m18:51:32.876583 [debug] [MainThread]: SQL status: COMMIT in 0.563 seconds
[0m18:51:32.878721 [debug] [MainThread]: On master: Close
[0m18:51:32.881510 [debug] [MainThread]: Connection 'master' was properly closed.
[0m18:51:32.882145 [debug] [MainThread]: Connection 'model.new_tools_radar.stg_tools' was properly closed.
[0m18:51:32.882568 [debug] [MainThread]: Connection 'model.new_tools_radar.int_tools_clean' was properly closed.
[0m18:51:32.882965 [debug] [MainThread]: Connection 'model.new_tools_radar.fct_trending_tools' was properly closed.
[0m18:51:32.883933 [info ] [MainThread]: 
[0m18:51:32.884543 [info ] [MainThread]: Finished running 2 table models, 1 view model in 0 hours 0 minutes and 5.54 seconds (5.54s).
[0m18:51:32.886261 [debug] [MainThread]: Command end result
[0m18:51:32.920494 [debug] [MainThread]: Wrote artifact WritableManifest to /Users/kylehuynh/Desktop/NewTechToolRank/dbt/target/manifest.json
[0m18:51:32.923383 [debug] [MainThread]: Wrote artifact SemanticManifest to /Users/kylehuynh/Desktop/NewTechToolRank/dbt/target/semantic_manifest.json
[0m18:51:32.930009 [debug] [MainThread]: Wrote artifact RunExecutionResult to /Users/kylehuynh/Desktop/NewTechToolRank/dbt/target/run_results.json
[0m18:51:32.930310 [info ] [MainThread]: 
[0m18:51:32.930588 [info ] [MainThread]: [32mCompleted successfully[0m
[0m18:51:32.930794 [info ] [MainThread]: 
[0m18:51:32.931034 [info ] [MainThread]: Done. PASS=3 WARN=0 ERROR=0 SKIP=0 NO-OP=0 TOTAL=3
[0m18:51:32.931595 [warn ] [MainThread]: [[33mWARNING[0m][DeprecationsSummary]: Deprecated functionality
Summary of encountered deprecations:
- MissingArgumentsPropertyInGenericTestDeprecation: 2 occurrences
To see all deprecation instances instead of just the first occurrence of each,
run command again with the `--show-all-deprecations` flag. You may also need to
run with `--no-partial-parse` as some deprecations are only encountered during
parsing.
[0m18:51:32.934962 [debug] [MainThread]: Resource report: {"command_name": "run", "command_success": true, "command_wall_clock_time": 6.9556484, "process_in_blocks": "0", "process_kernel_time": 0.462975, "process_mem_max_rss": "144785408", "process_out_blocks": "0", "process_user_time": 2.603117}
[0m18:51:32.935618 [debug] [MainThread]: Command `dbt run` succeeded at 18:51:32.935557 after 6.96 seconds
[0m18:51:32.936250 [debug] [MainThread]: Sending event: {'category': 'dbt', 'action': 'invocation', 'label': 'end', 'context': [<snowplow_tracker.self_describing_json.SelfDescribingJson object at 0x1091c3b00>, <snowplow_tracker.self_describing_json.SelfDescribingJson object at 0x10b0a2d20>, <snowplow_tracker.self_describing_json.SelfDescribingJson object at 0x10b6f02f0>]}
[0m18:51:32.936526 [debug] [MainThread]: Flushing usage events
[0m18:51:33.253368 [debug] [MainThread]: An error was encountered while trying to flush usage events
[0m18:51:34.926648 [debug] [MainThread]: Sending event: {'category': 'dbt', 'action': 'invocation', 'label': 'start', 'context': [<snowplow_tracker.self_describing_json.SelfDescribingJson object at 0x106f55280>, <snowplow_tracker.self_describing_json.SelfDescribingJson object at 0x110638710>, <snowplow_tracker.self_describing_json.SelfDescribingJson object at 0x110638350>]}


============================== 18:51:34.930073 | ad75b312-0a8b-4b59-84ab-07e71f446ad7 ==============================
[0m18:51:34.930073 [info ] [MainThread]: Running with dbt=1.11.8
[0m18:51:34.930528 [debug] [MainThread]: running dbt with arguments {'partial_parse': 'True', 'use_experimental_parser': 'False', 'printer_width': '80', 'write_json': 'True', 'warn_error_options': 'WarnErrorOptionsV2(error=[], warn=[], silence=[])', 'fail_fast': 'False', 'introspect': 'True', 'debug': 'False', 'static_parser': 'True', 'send_anonymous_usage_stats': 'True', 'log_format': 'default', 'profiles_dir': '/Users/kylehuynh/Desktop/NewTechToolRank/dbt', 'warn_error': 'None', 'no_print': 'None', 'use_colors': 'True', 'target_path': 'None', 'version_check': 'True', 'log_cache_events': 'False', 'quiet': 'False', 'cache_selected_only': 'False', 'invocation_command': 'dbt test --target dev', 'empty': 'None', 'log_path': '/Users/kylehuynh/Desktop/NewTechToolRank/dbt/logs', 'indirect_selection': 'eager'}
[0m18:51:35.080641 [debug] [MainThread]: Sending event: {'category': 'dbt', 'action': 'project_id', 'label': 'ad75b312-0a8b-4b59-84ab-07e71f446ad7', 'context': [<snowplow_tracker.self_describing_json.SelfDescribingJson object at 0x1109e78c0>]}
[0m18:51:35.120361 [debug] [MainThread]: Sending event: {'category': 'dbt', 'action': 'adapter_info', 'label': 'ad75b312-0a8b-4b59-84ab-07e71f446ad7', 'context': [<snowplow_tracker.self_describing_json.SelfDescribingJson object at 0x107db47a0>]}
[0m18:51:35.121180 [info ] [MainThread]: Registered adapter: postgres=1.10.0
[0m18:51:35.200524 [debug] [MainThread]: checksum: 205f67941a37c44b34a8b709ae683ccb08f2061b4926cd29bbf893726d03834e, vars: {}, profile: , target: dev, version: 1.11.8
[0m18:51:35.296226 [debug] [MainThread]: Partial parsing enabled: 0 files deleted, 0 files added, 0 files changed.
[0m18:51:35.296576 [debug] [MainThread]: Nothing changed, skipping partial parsing.
[0m18:51:35.296791 [debug] [MainThread]: Partial parsing enabled, no changes found, skipping parsing
[0m18:51:35.327601 [debug] [MainThread]: Sending event: {'category': 'dbt', 'action': 'load_project', 'label': 'ad75b312-0a8b-4b59-84ab-07e71f446ad7', 'context': [<snowplow_tracker.self_describing_json.SelfDescribingJson object at 0x1113fd8b0>]}
[0m18:51:35.389836 [debug] [MainThread]: Wrote artifact WritableManifest to /Users/kylehuynh/Desktop/NewTechToolRank/dbt/target/manifest.json
[0m18:51:35.391491 [debug] [MainThread]: Wrote artifact SemanticManifest to /Users/kylehuynh/Desktop/NewTechToolRank/dbt/target/semantic_manifest.json
[0m18:51:35.406830 [debug] [MainThread]: Sending event: {'category': 'dbt', 'action': 'resource_counts', 'label': 'ad75b312-0a8b-4b59-84ab-07e71f446ad7', 'context': [<snowplow_tracker.self_describing_json.SelfDescribingJson object at 0x111725880>]}
[0m18:51:35.407229 [info ] [MainThread]: Found 3 models, 6 data tests, 1 source, 465 macros
[0m18:51:35.407479 [debug] [MainThread]: Sending event: {'category': 'dbt', 'action': 'runnable_timing', 'label': 'ad75b312-0a8b-4b59-84ab-07e71f446ad7', 'context': [<snowplow_tracker.self_describing_json.SelfDescribingJson object at 0x111657b30>]}
[0m18:51:35.408815 [info ] [MainThread]: 
[0m18:51:35.409065 [info ] [MainThread]: Concurrency: 4 threads (target='dev')
[0m18:51:35.409260 [info ] [MainThread]: 
[0m18:51:35.409611 [debug] [MainThread]: Acquiring new postgres connection 'master'
[0m18:51:35.412338 [debug] [ThreadPool]: Acquiring new postgres connection 'list_postgres_public'
[0m18:51:35.449126 [debug] [ThreadPool]: Using postgres connection "list_postgres_public"
[0m18:51:35.449497 [debug] [ThreadPool]: On list_postgres_public: /* {"app": "dbt", "dbt_version": "1.11.8", "profile_name": "new_tools_radar", "target_name": "dev", "connection_name": "list_postgres_public"} */
select
      'postgres' as database,
      tablename as name,
      schemaname as schema,
      'table' as type
    from pg_tables
    where schemaname ilike 'public'
    union all
    select
      'postgres' as database,
      viewname as name,
      schemaname as schema,
      'view' as type
    from pg_views
    where schemaname ilike 'public'
    union all
    select
      'postgres' as database,
      matviewname as name,
      schemaname as schema,
      'materialized_view' as type
    from pg_matviews
    where schemaname ilike 'public'
  
[0m18:51:35.449739 [debug] [ThreadPool]: Opening a new connection, currently in state init
[0m18:51:36.130835 [debug] [ThreadPool]: SQL status: SELECT 4 in 0.681 seconds
[0m18:51:36.133493 [debug] [ThreadPool]: On list_postgres_public: ROLLBACK
[0m18:51:36.198926 [debug] [ThreadPool]: On list_postgres_public: Close
[0m18:51:36.209405 [debug] [MainThread]: Using postgres connection "master"
[0m18:51:36.210154 [debug] [MainThread]: On master: /* {"app": "dbt", "dbt_version": "1.11.8", "profile_name": "new_tools_radar", "target_name": "dev", "connection_name": "master"} */
select distinct
        dependent_namespace.nspname as dependent_schema,
        dependent_class.relname as dependent_name,
        referenced_namespace.nspname as referenced_schema,
        referenced_class.relname as referenced_name

    -- Query for views: views are entries in pg_class with an entry in pg_rewrite, but we avoid
    -- a seq scan on pg_rewrite by leveraging the fact there is an "internal" row in pg_depend for
    -- the view...
    from pg_class as dependent_class
    join pg_namespace as dependent_namespace on dependent_namespace.oid = dependent_class.relnamespace
    join pg_depend as dependent_depend on dependent_depend.refobjid = dependent_class.oid
        and dependent_depend.classid = 'pg_rewrite'::regclass
        and dependent_depend.refclassid = 'pg_class'::regclass
        and dependent_depend.deptype = 'i'

    -- ... and via pg_depend (that has a row per column, hence the need for "distinct" above, and
    -- making sure to exclude the internal row to avoid a view appearing to depend on itself)...
    join pg_depend as joining_depend on joining_depend.objid = dependent_depend.objid
        and joining_depend.classid = 'pg_rewrite'::regclass
        and joining_depend.refclassid = 'pg_class'::regclass
        and joining_depend.refobjid != dependent_depend.refobjid

    -- ... we can find the tables they query from in pg_class, but excluding system tables. Note we
    -- don't need need to exclude _dependent_ system tables, because they only query from other
    -- system tables, and so are automatically excluded by excluding _referenced_ system tables
    join pg_class as referenced_class on referenced_class.oid = joining_depend.refobjid
    join pg_namespace as referenced_namespace on referenced_namespace.oid = referenced_class.relnamespace
        and referenced_namespace.nspname != 'information_schema'
        and referenced_namespace.nspname not like 'pg\_%'

    order by
        dependent_schema, dependent_name, referenced_schema, referenced_name;
[0m18:51:36.210604 [debug] [MainThread]: Opening a new connection, currently in state init
[0m18:51:36.746176 [debug] [MainThread]: SQL status: SELECT 2 in 0.535 seconds
[0m18:51:36.751219 [debug] [MainThread]: Sending event: {'category': 'dbt', 'action': 'runnable_timing', 'label': 'ad75b312-0a8b-4b59-84ab-07e71f446ad7', 'context': [<snowplow_tracker.self_describing_json.SelfDescribingJson object at 0x111770050>]}
[0m18:51:36.752568 [debug] [MainThread]: On master: ROLLBACK
[0m18:51:36.818727 [debug] [MainThread]: On master: COMMIT
[0m18:51:36.819877 [debug] [MainThread]: Using postgres connection "master"
[0m18:51:36.820740 [debug] [MainThread]: On master: COMMIT
[0m18:51:36.950261 [debug] [MainThread]: SQL status: COMMIT in 0.129 seconds
[0m18:51:36.951545 [debug] [MainThread]: On master: Close
[0m18:51:36.959898 [debug] [Thread-1 (]: Began running node test.new_tools_radar.accepted_values_int_tools_clean_momentum_label__hot__rising__new.a0e7bf4256
[0m18:51:36.960579 [debug] [Thread-2 (]: Began running node test.new_tools_radar.accepted_values_stg_tools_source__product_hunt__hackernews__github.06f61e0e79
[0m18:51:36.960993 [debug] [Thread-3 (]: Began running node test.new_tools_radar.not_null_fct_trending_tools_source.635a90ff7b
[0m18:51:36.961776 [debug] [Thread-4 (]: Began running node test.new_tools_radar.not_null_int_tools_clean_tool_id.e9d0652482
[0m18:51:36.961478 [info ] [Thread-1 (]: 1 of 6 START test accepted_values_int_tools_clean_momentum_label__hot__rising__new  [RUN]
[0m18:51:36.962345 [info ] [Thread-2 (]: 2 of 6 START test accepted_values_stg_tools_source__product_hunt__hackernews__github  [RUN]
[0m18:51:36.962821 [info ] [Thread-3 (]: 3 of 6 START test not_null_fct_trending_tools_source ........................... [RUN]
[0m18:51:36.963196 [info ] [Thread-4 (]: 4 of 6 START test not_null_int_tools_clean_tool_id ............................. [RUN]
[0m18:51:36.963814 [debug] [Thread-1 (]: Re-using an available connection from the pool (formerly list_postgres_public, now test.new_tools_radar.accepted_values_int_tools_clean_momentum_label__hot__rising__new.a0e7bf4256)
[0m18:51:36.967292 [debug] [Thread-2 (]: Acquiring new postgres connection 'test.new_tools_radar.accepted_values_stg_tools_source__product_hunt__hackernews__github.06f61e0e79'
[0m18:51:36.967954 [debug] [Thread-3 (]: Acquiring new postgres connection 'test.new_tools_radar.not_null_fct_trending_tools_source.635a90ff7b'
[0m18:51:36.968404 [debug] [Thread-4 (]: Acquiring new postgres connection 'test.new_tools_radar.not_null_int_tools_clean_tool_id.e9d0652482'
[0m18:51:36.968781 [debug] [Thread-1 (]: Began compiling node test.new_tools_radar.accepted_values_int_tools_clean_momentum_label__hot__rising__new.a0e7bf4256
[0m18:51:36.969108 [debug] [Thread-2 (]: Began compiling node test.new_tools_radar.accepted_values_stg_tools_source__product_hunt__hackernews__github.06f61e0e79
[0m18:51:36.969417 [debug] [Thread-3 (]: Began compiling node test.new_tools_radar.not_null_fct_trending_tools_source.635a90ff7b
[0m18:51:36.969713 [debug] [Thread-4 (]: Began compiling node test.new_tools_radar.not_null_int_tools_clean_tool_id.e9d0652482
[0m18:51:36.989037 [debug] [Thread-1 (]: Writing injected SQL for node "test.new_tools_radar.accepted_values_int_tools_clean_momentum_label__hot__rising__new.a0e7bf4256"
[0m18:51:36.988611 [debug] [Thread-2 (]: Writing injected SQL for node "test.new_tools_radar.accepted_values_stg_tools_source__product_hunt__hackernews__github.06f61e0e79"
[0m18:51:36.995512 [debug] [Thread-3 (]: Writing injected SQL for node "test.new_tools_radar.not_null_fct_trending_tools_source.635a90ff7b"
[0m18:51:36.998114 [debug] [Thread-4 (]: Writing injected SQL for node "test.new_tools_radar.not_null_int_tools_clean_tool_id.e9d0652482"
[0m18:51:36.999027 [debug] [Thread-1 (]: Began executing node test.new_tools_radar.accepted_values_int_tools_clean_momentum_label__hot__rising__new.a0e7bf4256
[0m18:51:36.999312 [debug] [Thread-4 (]: Began executing node test.new_tools_radar.not_null_int_tools_clean_tool_id.e9d0652482
[0m18:51:36.999575 [debug] [Thread-3 (]: Began executing node test.new_tools_radar.not_null_fct_trending_tools_source.635a90ff7b
[0m18:51:37.006125 [debug] [Thread-2 (]: Began executing node test.new_tools_radar.accepted_values_stg_tools_source__product_hunt__hackernews__github.06f61e0e79
[0m18:51:37.014670 [debug] [Thread-4 (]: Writing runtime sql for node "test.new_tools_radar.not_null_int_tools_clean_tool_id.e9d0652482"
[0m18:51:37.015141 [debug] [Thread-1 (]: Writing runtime sql for node "test.new_tools_radar.accepted_values_int_tools_clean_momentum_label__hot__rising__new.a0e7bf4256"
[0m18:51:37.016979 [debug] [Thread-3 (]: Writing runtime sql for node "test.new_tools_radar.not_null_fct_trending_tools_source.635a90ff7b"
[0m18:51:37.018576 [debug] [Thread-2 (]: Writing runtime sql for node "test.new_tools_radar.accepted_values_stg_tools_source__product_hunt__hackernews__github.06f61e0e79"
[0m18:51:37.019521 [debug] [Thread-3 (]: Using postgres connection "test.new_tools_radar.not_null_fct_trending_tools_source.635a90ff7b"
[0m18:51:37.019834 [debug] [Thread-3 (]: On test.new_tools_radar.not_null_fct_trending_tools_source.635a90ff7b: /* {"app": "dbt", "dbt_version": "1.11.8", "profile_name": "new_tools_radar", "target_name": "dev", "node_id": "test.new_tools_radar.not_null_fct_trending_tools_source.635a90ff7b"} */

    
    select
      count(*) as failures,
      count(*) != 0 as should_warn,
      count(*) != 0 as should_error
    from (
      
    
  
    
    



select source
from "postgres"."public"."fct_trending_tools"
where source is null



  
  
      
    ) dbt_internal_test
[0m18:51:37.020151 [debug] [Thread-4 (]: Using postgres connection "test.new_tools_radar.not_null_int_tools_clean_tool_id.e9d0652482"
[0m18:51:37.020428 [debug] [Thread-3 (]: Opening a new connection, currently in state init
[0m18:51:37.020694 [debug] [Thread-2 (]: Using postgres connection "test.new_tools_radar.accepted_values_stg_tools_source__product_hunt__hackernews__github.06f61e0e79"
[0m18:51:37.020961 [debug] [Thread-4 (]: On test.new_tools_radar.not_null_int_tools_clean_tool_id.e9d0652482: /* {"app": "dbt", "dbt_version": "1.11.8", "profile_name": "new_tools_radar", "target_name": "dev", "node_id": "test.new_tools_radar.not_null_int_tools_clean_tool_id.e9d0652482"} */

    
    select
      count(*) as failures,
      count(*) != 0 as should_warn,
      count(*) != 0 as should_error
    from (
      
    
  
    
    



select tool_id
from "postgres"."public"."int_tools_clean"
where tool_id is null



  
  
      
    ) dbt_internal_test
[0m18:51:37.021236 [debug] [Thread-1 (]: Using postgres connection "test.new_tools_radar.accepted_values_int_tools_clean_momentum_label__hot__rising__new.a0e7bf4256"
[0m18:51:37.021613 [debug] [Thread-2 (]: On test.new_tools_radar.accepted_values_stg_tools_source__product_hunt__hackernews__github.06f61e0e79: /* {"app": "dbt", "dbt_version": "1.11.8", "profile_name": "new_tools_radar", "target_name": "dev", "node_id": "test.new_tools_radar.accepted_values_stg_tools_source__product_hunt__hackernews__github.06f61e0e79"} */

    
    select
      count(*) as failures,
      count(*) != 0 as should_warn,
      count(*) != 0 as should_error
    from (
      
    
  
    
    

with all_values as (

    select
        source as value_field,
        count(*) as n_records

    from "postgres"."public"."stg_tools"
    group by source

)

select *
from all_values
where value_field not in (
    'product_hunt','hackernews','github'
)



  
  
      
    ) dbt_internal_test
[0m18:51:37.021884 [debug] [Thread-4 (]: Opening a new connection, currently in state init
[0m18:51:37.022162 [debug] [Thread-1 (]: On test.new_tools_radar.accepted_values_int_tools_clean_momentum_label__hot__rising__new.a0e7bf4256: /* {"app": "dbt", "dbt_version": "1.11.8", "profile_name": "new_tools_radar", "target_name": "dev", "node_id": "test.new_tools_radar.accepted_values_int_tools_clean_momentum_label__hot__rising__new.a0e7bf4256"} */

    
    select
      count(*) as failures,
      count(*) != 0 as should_warn,
      count(*) != 0 as should_error
    from (
      
    
  
    
    

with all_values as (

    select
        momentum_label as value_field,
        count(*) as n_records

    from "postgres"."public"."int_tools_clean"
    group by momentum_label

)

select *
from all_values
where value_field not in (
    'hot','rising','new'
)



  
  
      
    ) dbt_internal_test
[0m18:51:37.022415 [debug] [Thread-2 (]: Opening a new connection, currently in state init
[0m18:51:37.022735 [debug] [Thread-1 (]: Opening a new connection, currently in state closed
[0m18:51:37.555932 [debug] [Thread-1 (]: SQL status: SELECT 1 in 0.533 seconds
[0m18:51:37.565035 [debug] [Thread-1 (]: On test.new_tools_radar.accepted_values_int_tools_clean_momentum_label__hot__rising__new.a0e7bf4256: ROLLBACK
[0m18:51:37.565636 [debug] [Thread-2 (]: SQL status: SELECT 1 in 0.543 seconds
[0m18:51:37.566039 [debug] [Thread-3 (]: SQL status: SELECT 1 in 0.546 seconds
[0m18:51:37.567695 [debug] [Thread-2 (]: On test.new_tools_radar.accepted_values_stg_tools_source__product_hunt__hackernews__github.06f61e0e79: ROLLBACK
[0m18:51:37.568131 [debug] [Thread-4 (]: SQL status: SELECT 1 in 0.546 seconds
[0m18:51:37.569510 [debug] [Thread-3 (]: On test.new_tools_radar.not_null_fct_trending_tools_source.635a90ff7b: ROLLBACK
[0m18:51:37.570996 [debug] [Thread-4 (]: On test.new_tools_radar.not_null_int_tools_clean_tool_id.e9d0652482: ROLLBACK
[0m18:51:37.633876 [debug] [Thread-1 (]: On test.new_tools_radar.accepted_values_int_tools_clean_momentum_label__hot__rising__new.a0e7bf4256: Close
[0m18:51:37.641405 [debug] [Thread-4 (]: On test.new_tools_radar.not_null_int_tools_clean_tool_id.e9d0652482: Close
[0m18:51:37.642912 [debug] [Thread-2 (]: On test.new_tools_radar.accepted_values_stg_tools_source__product_hunt__hackernews__github.06f61e0e79: Close
[0m18:51:37.643864 [debug] [Thread-3 (]: On test.new_tools_radar.not_null_fct_trending_tools_source.635a90ff7b: Close
[0m18:51:37.646356 [info ] [Thread-1 (]: 1 of 6 PASS accepted_values_int_tools_clean_momentum_label__hot__rising__new ... [[32mPASS[0m in 0.68s]
[0m18:51:37.647146 [info ] [Thread-4 (]: 4 of 6 PASS not_null_int_tools_clean_tool_id ................................... [[32mPASS[0m in 0.68s]
[0m18:51:37.648918 [debug] [Thread-1 (]: Finished running node test.new_tools_radar.accepted_values_int_tools_clean_momentum_label__hot__rising__new.a0e7bf4256
[0m18:51:37.647694 [info ] [Thread-3 (]: 3 of 6 PASS not_null_fct_trending_tools_source ................................. [[32mPASS[0m in 0.68s]
[0m18:51:37.648139 [info ] [Thread-2 (]: 2 of 6 PASS accepted_values_stg_tools_source__product_hunt__hackernews__github . [[32mPASS[0m in 0.68s]
[0m18:51:37.649679 [debug] [Thread-4 (]: Finished running node test.new_tools_radar.not_null_int_tools_clean_tool_id.e9d0652482
[0m18:51:37.650152 [debug] [Thread-1 (]: Began running node test.new_tools_radar.not_null_stg_tools_source.fe0151ebb6
[0m18:51:37.650794 [debug] [Thread-3 (]: Finished running node test.new_tools_radar.not_null_fct_trending_tools_source.635a90ff7b
[0m18:51:37.651292 [debug] [Thread-2 (]: Finished running node test.new_tools_radar.accepted_values_stg_tools_source__product_hunt__hackernews__github.06f61e0e79
[0m18:51:37.651687 [debug] [Thread-4 (]: Began running node test.new_tools_radar.not_null_stg_tools_tool_id.661b000833
[0m18:51:37.652109 [info ] [Thread-1 (]: 5 of 6 START test not_null_stg_tools_source .................................... [RUN]
[0m18:51:37.652716 [info ] [Thread-4 (]: 6 of 6 START test not_null_stg_tools_tool_id ................................... [RUN]
[0m18:51:37.653696 [debug] [Thread-1 (]: Re-using an available connection from the pool (formerly test.new_tools_radar.accepted_values_int_tools_clean_momentum_label__hot__rising__new.a0e7bf4256, now test.new_tools_radar.not_null_stg_tools_source.fe0151ebb6)
[0m18:51:37.654333 [debug] [Thread-4 (]: Re-using an available connection from the pool (formerly test.new_tools_radar.not_null_int_tools_clean_tool_id.e9d0652482, now test.new_tools_radar.not_null_stg_tools_tool_id.661b000833)
[0m18:51:37.656041 [debug] [Thread-1 (]: Began compiling node test.new_tools_radar.not_null_stg_tools_source.fe0151ebb6
[0m18:51:37.656572 [debug] [Thread-4 (]: Began compiling node test.new_tools_radar.not_null_stg_tools_tool_id.661b000833
[0m18:51:37.663082 [debug] [Thread-1 (]: Writing injected SQL for node "test.new_tools_radar.not_null_stg_tools_source.fe0151ebb6"
[0m18:51:37.670159 [debug] [Thread-4 (]: Writing injected SQL for node "test.new_tools_radar.not_null_stg_tools_tool_id.661b000833"
[0m18:51:37.673905 [debug] [Thread-1 (]: Began executing node test.new_tools_radar.not_null_stg_tools_source.fe0151ebb6
[0m18:51:37.674252 [debug] [Thread-4 (]: Began executing node test.new_tools_radar.not_null_stg_tools_tool_id.661b000833
[0m18:51:37.725962 [debug] [Thread-1 (]: Writing runtime sql for node "test.new_tools_radar.not_null_stg_tools_source.fe0151ebb6"
[0m18:51:37.727691 [debug] [Thread-4 (]: Writing runtime sql for node "test.new_tools_radar.not_null_stg_tools_tool_id.661b000833"
[0m18:51:37.728419 [debug] [Thread-4 (]: Using postgres connection "test.new_tools_radar.not_null_stg_tools_tool_id.661b000833"
[0m18:51:37.728737 [debug] [Thread-1 (]: Using postgres connection "test.new_tools_radar.not_null_stg_tools_source.fe0151ebb6"
[0m18:51:37.728986 [debug] [Thread-4 (]: On test.new_tools_radar.not_null_stg_tools_tool_id.661b000833: /* {"app": "dbt", "dbt_version": "1.11.8", "profile_name": "new_tools_radar", "target_name": "dev", "node_id": "test.new_tools_radar.not_null_stg_tools_tool_id.661b000833"} */

    
    select
      count(*) as failures,
      count(*) != 0 as should_warn,
      count(*) != 0 as should_error
    from (
      
    
  
    
    



select tool_id
from "postgres"."public"."stg_tools"
where tool_id is null



  
  
      
    ) dbt_internal_test
[0m18:51:37.729248 [debug] [Thread-1 (]: On test.new_tools_radar.not_null_stg_tools_source.fe0151ebb6: /* {"app": "dbt", "dbt_version": "1.11.8", "profile_name": "new_tools_radar", "target_name": "dev", "node_id": "test.new_tools_radar.not_null_stg_tools_source.fe0151ebb6"} */

    
    select
      count(*) as failures,
      count(*) != 0 as should_warn,
      count(*) != 0 as should_error
    from (
      
    
  
    
    



select source
from "postgres"."public"."stg_tools"
where source is null



  
  
      
    ) dbt_internal_test
[0m18:51:37.729493 [debug] [Thread-4 (]: Opening a new connection, currently in state closed
[0m18:51:37.729709 [debug] [Thread-1 (]: Opening a new connection, currently in state closed
[0m18:51:38.268596 [debug] [Thread-4 (]: SQL status: SELECT 1 in 0.538 seconds
[0m18:51:38.275739 [debug] [Thread-4 (]: On test.new_tools_radar.not_null_stg_tools_tool_id.661b000833: ROLLBACK
[0m18:51:38.277582 [debug] [Thread-1 (]: SQL status: SELECT 1 in 0.548 seconds
[0m18:51:38.280890 [debug] [Thread-1 (]: On test.new_tools_radar.not_null_stg_tools_source.fe0151ebb6: ROLLBACK
[0m18:51:38.341668 [debug] [Thread-4 (]: On test.new_tools_radar.not_null_stg_tools_tool_id.661b000833: Close
[0m18:51:38.344908 [info ] [Thread-4 (]: 6 of 6 PASS not_null_stg_tools_tool_id ......................................... [[32mPASS[0m in 0.69s]
[0m18:51:38.346395 [debug] [Thread-4 (]: Finished running node test.new_tools_radar.not_null_stg_tools_tool_id.661b000833
[0m18:51:38.348153 [debug] [Thread-1 (]: On test.new_tools_radar.not_null_stg_tools_source.fe0151ebb6: Close
[0m18:51:38.350161 [info ] [Thread-1 (]: 5 of 6 PASS not_null_stg_tools_source .......................................... [[32mPASS[0m in 0.70s]
[0m18:51:38.350926 [debug] [Thread-1 (]: Finished running node test.new_tools_radar.not_null_stg_tools_source.fe0151ebb6
[0m18:51:38.353367 [debug] [MainThread]: On master: COMMIT
[0m18:51:38.353849 [debug] [MainThread]: Using postgres connection "master"
[0m18:51:38.354249 [debug] [MainThread]: On master: COMMIT
[0m18:51:38.354610 [debug] [MainThread]: Opening a new connection, currently in state closed
[0m18:51:38.900160 [debug] [MainThread]: SQL status: COMMIT in 0.545 seconds
[0m18:51:38.901591 [debug] [MainThread]: On master: Close
[0m18:51:38.903528 [debug] [MainThread]: Connection 'master' was properly closed.
[0m18:51:38.904002 [debug] [MainThread]: Connection 'test.new_tools_radar.not_null_stg_tools_source.fe0151ebb6' was properly closed.
[0m18:51:38.904456 [debug] [MainThread]: Connection 'test.new_tools_radar.accepted_values_stg_tools_source__product_hunt__hackernews__github.06f61e0e79' was properly closed.
[0m18:51:38.904824 [debug] [MainThread]: Connection 'test.new_tools_radar.not_null_fct_trending_tools_source.635a90ff7b' was properly closed.
[0m18:51:38.905168 [debug] [MainThread]: Connection 'test.new_tools_radar.not_null_stg_tools_tool_id.661b000833' was properly closed.
[0m18:51:38.905768 [info ] [MainThread]: 
[0m18:51:38.906285 [info ] [MainThread]: Finished running 6 data tests in 0 hours 0 minutes and 3.50 seconds (3.50s).
[0m18:51:38.908139 [debug] [MainThread]: Command end result
[0m18:51:38.941498 [debug] [MainThread]: Wrote artifact WritableManifest to /Users/kylehuynh/Desktop/NewTechToolRank/dbt/target/manifest.json
[0m18:51:38.943021 [debug] [MainThread]: Wrote artifact SemanticManifest to /Users/kylehuynh/Desktop/NewTechToolRank/dbt/target/semantic_manifest.json
[0m18:51:38.948062 [debug] [MainThread]: Wrote artifact RunExecutionResult to /Users/kylehuynh/Desktop/NewTechToolRank/dbt/target/run_results.json
[0m18:51:38.948342 [info ] [MainThread]: 
[0m18:51:38.948622 [info ] [MainThread]: [32mCompleted successfully[0m
[0m18:51:38.948835 [info ] [MainThread]: 
[0m18:51:38.949061 [info ] [MainThread]: Done. PASS=6 WARN=0 ERROR=0 SKIP=0 NO-OP=0 TOTAL=6
[0m18:51:38.951723 [debug] [MainThread]: Resource report: {"command_name": "test", "command_success": true, "command_wall_clock_time": 4.0781865, "process_in_blocks": "0", "process_kernel_time": 0.35966, "process_mem_max_rss": "137347072", "process_out_blocks": "0", "process_user_time": 1.726023}
[0m18:51:38.952053 [debug] [MainThread]: Command `dbt test` succeeded at 18:51:38.951994 after 4.08 seconds
[0m18:51:38.952303 [debug] [MainThread]: Sending event: {'category': 'dbt', 'action': 'invocation', 'label': 'end', 'context': [<snowplow_tracker.self_describing_json.SelfDescribingJson object at 0x106fc4620>, <snowplow_tracker.self_describing_json.SelfDescribingJson object at 0x105bc1250>, <snowplow_tracker.self_describing_json.SelfDescribingJson object at 0x10495d430>]}
[0m18:51:38.952546 [debug] [MainThread]: Flushing usage events
[0m18:51:39.296106 [debug] [MainThread]: An error was encountered while trying to flush usage events
